=================================================
fcp(ver4.2.2) start at 2024/09/01 11:17:46
<Source>  "G:\test_1\test b1\*"
<Command> Delete all
<JobName> delete test b1
<PostPrc> fcp_err_ify
-------------------------------------------------

TotalDel   = 0.0 MiB
DelFiles   = 0 (0)
TotalTime  = 0.0 sec
FileRate   = 0.00 files/s

Result : (ErrFiles : 0 / ErrDirs : 0) at 2024/09/01 11:17:46

=================================================
fcp(ver4.2.2) start at 2024/09/01 11:18:41
<Source>  G:\test_1\mbt_2---job---test-b1.bat; G:\test_1\t_demo_2.bat
<DestDir> G:\localSites_g\shell\mfbaktool_dev\v2\
<Command> Diff (Size/Date)
<JobName> copy t-demo-2
<PostPrc> fcp_err_ify
-------------------------------------------------

TotalRead  = 0.0 MiB
TotalWrite = 0.0 MiB
TotalFiles = 0 (0)
TotalSkip  = 0.0 MiB
SkipFiles  = 2 (0)
TotalTime  = 0.0 sec
TransRate  = 0.00 MB/s
FileRate   = 0.00 files/s

Result : (ErrFiles : 0 / ErrDirs : 0) at 2024/09/01 11:18:41

=================================================
fcp(ver4.2.2) start at 2024/09/01 11:20:03
<Source>  G:\test_1\mbt_2---job---test-b1.bat; G:\test_1\t_demo_2.bat
<DestDir> G:\localSites_g\shell\mfbaktool_dev\v2\
<Command> Diff (Size/Date)
<JobName> copy t-demo-2
<PostPrc> fcp_err_ify
-------------------------------------------------

TotalRead  = 0.0 MiB
TotalWrite = 0.0 MiB
TotalFiles = 0 (0)
TotalSkip  = 0.0 MiB
SkipFiles  = 2 (0)
TotalTime  = 0.0 sec
TransRate  = 0.00 MB/s
FileRate   = 0.00 files/s

Result : (ErrFiles : 0 / ErrDirs : 0) at 2024/09/01 11:20:03

=================================================
fcp(ver4.2.2) start at 2024/09/01 11:20:36
<Source>  G:\test_1\mbt_2---job---test-b1.bat; G:\test_1\t_demo_2.bat
<DestDir> G:\localSites_g\shell\mfbaktool_dev\v2\
<Command> Diff (Size/Date)
<JobName> copy t-demo-2
<PostPrc> fcp_err_ify
-------------------------------------------------

TotalRead  = 0.0 MiB
TotalWrite = 0.0 MiB
TotalFiles = 0 (0)
TotalSkip  = 0.0 MiB
SkipFiles  = 2 (0)
TotalTime  = 0.0 sec
TransRate  = 0.00 MB/s
FileRate   = 0.00 files/s

Result : (ErrFiles : 0 / ErrDirs : 0) at 2024/09/01 11:20:36

=================================================
fcp(ver4.2.2) start at 2024/09/01 11:20:57
<Source>  G:\test_1\mbt_2---job---test-b1.bat; G:\test_1\t_demo_2.bat
<DestDir> G:\localSites_g\shell\mfbaktool_dev\v2\
<Command> Diff (Size/Date)
<JobName> copy t-demo-2
<PostPrc> fcp_err_ify
-------------------------------------------------

TotalRead  = 0.0 MiB
TotalWrite = 0.0 MiB
TotalFiles = 0 (0)
TotalSkip  = 0.0 MiB
SkipFiles  = 2 (0)
TotalTime  = 0.0 sec
TransRate  = 0.00 MB/s
FileRate   = 0.00 files/s

Result : (ErrFiles : 0 / ErrDirs : 0) at 2024/09/01 11:20:57

=================================================
fcp(ver4.2.2) start at 2024/09/01 11:21:05
<Source>  G:\test_1\mbt_2---job---test-b1.bat; G:\test_1\t_demo_2.bat
<DestDir> G:\localSites_g\shell\mfbaktool_dev\v2\
<Command> Diff (Size/Date)
<JobName> copy t-demo-2
<PostPrc> fcp_err_ify
-------------------------------------------------

TotalRead  = 0.0 MiB
TotalWrite = 0.0 MiB
TotalFiles = 0 (0)
TotalSkip  = 0.0 MiB
SkipFiles  = 2 (0)
TotalTime  = 0.0 sec
TransRate  = 0.00 MB/s
FileRate   = 0.00 files/s

Result : (ErrFiles : 0 / ErrDirs : 0) at 2024/09/01 11:21:05

=================================================
fcp(ver4.2.2) start at 2024/09/01 11:21:09
<Source>  G:\test_1\mbt_2---job---test-b1.bat; G:\test_1\t_demo_2.bat
<DestDir> G:\localSites_g\shell\mfbaktool_dev\v2\
<Command> Diff (Size/Date)
<JobName> copy t-demo-2
<PostPrc> fcp_err_ify
-------------------------------------------------

TotalRead  = 0.0 MiB
TotalWrite = 0.0 MiB
TotalFiles = 0 (0)
TotalSkip  = 0.0 MiB
SkipFiles  = 2 (0)
TotalTime  = 0.0 sec
TransRate  = 0.00 MB/s
FileRate   = 0.00 files/s

Result : (ErrFiles : 0 / ErrDirs : 0) at 2024/09/01 11:21:09

=================================================
fcp(ver4.2.2) start at 2024/09/01 11:21:56
<Source>  G:\test_1\mbt_2---job---test-b1.bat; G:\test_1\t_demo_2.bat
<DestDir> G:\localSites_g\shell\mfbaktool_dev\v2\
<Command> Diff (Size/Date)
<JobName> copy t-demo-2
<PostPrc> fcp_err_ify
-------------------------------------------------

TotalRead  = 0.0 MiB
TotalWrite = 0.0 MiB
TotalFiles = 1 (0)
TotalSkip  = 0.0 MiB
SkipFiles  = 1 (0)
TotalTime  = 0.0 sec
TransRate  = 0.64 MB/s
FileRate   = 62.5 files/s

Result : (ErrFiles : 0 / ErrDirs : 0) at 2024/09/01 11:21:56

=================================================
fcp(ver4.2.2) start at 2024/09/01 11:36:41
<Source>  G:\test_1\mbt_2---job---test-b1.bat; G:\test_1\t_demo_2.bat
<DestDir> G:\localSites_g\shell\mfbaktool_dev\v2\
<Command> Diff (Size/Date)
<JobName> copy t-demo-2
<PostPrc> fcp_err_ify
-------------------------------------------------

TotalRead  = 0.0 MiB
TotalWrite = 0.0 MiB
TotalFiles = 0 (0)
TotalSkip  = 0.0 MiB
SkipFiles  = 2 (0)
TotalTime  = 0.0 sec
TransRate  = 0.00 MB/s
FileRate   = 0.00 files/s

Result : (ErrFiles : 0 / ErrDirs : 0) at 2024/09/01 11:36:41

=================================================
fcp(ver4.2.2) start at 2024/09/01 11:36:54
<Source>  G:\test_1\mbt_2---job---test-b1.bat; G:\test_1\t_demo_2.bat
<DestDir> G:\localSites_g\shell\mfbaktool_dev\v2\
<Command> Diff (Size/Date)
<JobName> copy t-demo-2
<PostPrc> fcp_err_ify
-------------------------------------------------

TotalRead  = 0.0 MiB
TotalWrite = 0.0 MiB
TotalFiles = 0 (0)
TotalSkip  = 0.0 MiB
SkipFiles  = 2 (0)
TotalTime  = 0.0 sec
TransRate  = 0.00 MB/s
FileRate   = 0.00 files/s

Result : (ErrFiles : 0 / ErrDirs : 0) at 2024/09/01 11:36:54

=================================================
fcp(ver4.2.2) start at 2024/09/01 11:37:02
<Source>  "G:\test_1\test b1\*"
<Command> Delete all
<JobName> delete test b1
<PostPrc> fcp_err_ify
-------------------------------------------------

TotalDel   = 0.0 MiB
DelFiles   = 0 (0)
TotalTime  = 0.0 sec
FileRate   = 0.00 files/s

Result : (ErrFiles : 0 / ErrDirs : 0) at 2024/09/01 11:37:02

=================================================
fcp(ver4.2.2) start at 2024/09/01 11:38:03
<Source>  "G:\test_1\test b1\*"
<Command> Delete all
<JobName> delete test b1
<PostPrc> fcp_err_ify
-------------------------------------------------

TotalDel   = 0.0 MiB
DelFiles   = 0 (0)
TotalTime  = 0.0 sec
FileRate   = 0.00 files/s

Result : (ErrFiles : 0 / ErrDirs : 0) at 2024/09/01 11:38:03

=================================================
fcp(ver4.2.2) start at 2024/09/01 11:38:08
<Source>  "G:\test_1\test b1\*"
<Command> Delete all
<JobName> delete test b1
<PostPrc> fcp_err_ify
-------------------------------------------------

TotalDel   = 0.0 MiB
DelFiles   = 0 (0)
TotalTime  = 0.0 sec
FileRate   = 0.00 files/s

Result : (ErrFiles : 0 / ErrDirs : 0) at 2024/09/01 11:38:08

=================================================
fcp(ver4.2.2) start at 2024/09/01 11:49:34
<Source>  "G:\test_1\test b1\*"
<Command> Delete all
<JobName> delete test b1
<PostPrc> fcp_err_ify
-------------------------------------------------

TotalDel   = 0.0 MiB
DelFiles   = 0 (0)
TotalTime  = 0.0 sec
FileRate   = 0.00 files/s

Result : (ErrFiles : 0 / ErrDirs : 0) at 2024/09/01 11:49:34

=================================================
fcp(ver4.2.2) start at 2024/09/01 11:52:40
<Source>  "G:\test_1\test b1\*"
<Command> Delete all
<JobName> delete test b1
<PostPrc> fcp_err_ify
-------------------------------------------------

TotalDel   = 0.0 MiB
DelFiles   = 0 (0)
TotalTime  = 0.0 sec
FileRate   = 0.00 files/s

Result : (ErrFiles : 0 / ErrDirs : 0) at 2024/09/01 11:52:40

=================================================
fcp(ver4.2.2) start at 2024/09/01 11:54:25
<Source>  "G:\test_1\test b1\*"
<Command> Delete all
<JobName> delete test b1
<PostPrc> fcp_err_ify
-------------------------------------------------

TotalDel   = 0.0 MiB
DelFiles   = 1 (0)
TotalTime  = 0.0 sec
FileRate   = 62.5 files/s

Result : (ErrFiles : 0 / ErrDirs : 0) at 2024/09/01 11:54:25

=================================================
fcp(ver4.2.2) start at 2024/09/01 11:58:21
<Source>  "G:\test_1\test b1\*"
<Command> Delete all
<JobName> delete test b1
<PostPrc> fcp_err_ify
-------------------------------------------------

TotalDel   = 0.0 MiB
DelFiles   = 0 (0)
TotalTime  = 0.0 sec
FileRate   = 0.00 files/s

Result : (ErrFiles : 0 / ErrDirs : 0) at 2024/09/01 11:58:21

=================================================
fcp(ver4.2.2) start at 2024/09/01 13:38:13
<Source>  "G:\test_1\test b1\*"
<Command> Delete all
<JobName> delete test b1
<PostPrc> fcp_err_ify
-------------------------------------------------

TotalDel   = 0.0 MiB
DelFiles   = 0 (0)
TotalTime  = 0.0 sec
FileRate   = 0.00 files/s

Result : (ErrFiles : 0 / ErrDirs : 0) at 2024/09/01 13:38:13

=================================================
fcp(ver4.2.2) start at 2024/09/01 13:40:32
<Source>  "G:\test_1\test b1\*"
<Command> Delete all
<JobName> delete test b1
<PostPrc> fcp_err_ify
-------------------------------------------------

TotalDel   = 0.0 MiB
DelFiles   = 0 (0)
TotalTime  = 0.0 sec
FileRate   = 0.00 files/s

Result : (ErrFiles : 0 / ErrDirs : 0) at 2024/09/01 13:40:32

=================================================
fcp(ver4.2.2) start at 2024/09/01 13:42:08
<Source>  "G:\test_1\test b1\*"
<Command> Delete all
<JobName> delete test b1
<PostPrc> fcp_err_ify
-------------------------------------------------

TotalDel   = 0.0 MiB
DelFiles   = 0 (0)
TotalTime  = 0.0 sec
FileRate   = 0.00 files/s

Result : (ErrFiles : 0 / ErrDirs : 0) at 2024/09/01 13:42:08

=================================================
fcp(ver4.2.2) start at 2024/09/01 13:42:47
<Source>  "G:\test_1\test b1\*"
<Command> Delete all
<JobName> delete test b1
<PostPrc> fcp_err_ify
-------------------------------------------------

TotalDel   = 0.0 MiB
DelFiles   = 0 (0)
TotalTime  = 0.0 sec
FileRate   = 0.00 files/s

Result : (ErrFiles : 0 / ErrDirs : 0) at 2024/09/01 13:42:47

=================================================
fcp(ver4.2.2) start at 2024/09/01 13:43:24
<Source>  G:\test_1\test-notfind
<DestDir> G:\test_1\test b1
<Command> Diff (Size/Date)
<JobName> test-notfind
<PostPrc> fcp_err_ify
-------------------------------------------------
FindFirstFileEx(系统找不到指定的文件。2) : G:\test_1\test-notfind

TotalRead  = 0.0 MiB
TotalWrite = 0.0 MiB
TotalFiles = 0 (0)
TotalTime  = 0.0 sec
TransRate  = 0.00 MB/s
FileRate   = 0.00 files/s

Result : (ErrFiles : 0 / ErrDirs : 1) at 2024/09/01 13:43:24

=================================================
fcp(ver4.2.2) start at 2024/09/01 15:49:52
<Source>  "G:\test_1\test b1\*"
<Command> Delete all
<JobName> delete test b1
<PostPrc> fcp_err_ify
-------------------------------------------------

TotalDel   = 0.0 MiB
DelFiles   = 0 (0)
TotalTime  = 0.0 sec
FileRate   = 0.00 files/s

Result : (ErrFiles : 0 / ErrDirs : 0) at 2024/09/01 15:49:52

=================================================
fcp(ver4.2.2) start at 2024/09/01 15:50:31
<Source>  "G:\test_1\test b1\*"
<Command> Delete all
<JobName> delete test b1
<PostPrc> fcp_err_ify
-------------------------------------------------

TotalDel   = 0.0 MiB
DelFiles   = 0 (0)
TotalTime  = 0.0 sec
FileRate   = 0.00 files/s

Result : (ErrFiles : 0 / ErrDirs : 0) at 2024/09/01 15:50:31

=================================================
fcp(ver4.2.2) start at 2024/09/01 15:53:33
<Source>  "G:\test_1\test b1\*"
<Command> Delete all
<JobName> delete test b1
<PostPrc> fcp_err_ify
-------------------------------------------------

TotalDel   = 0.0 MiB
DelFiles   = 0 (0)
TotalTime  = 0.0 sec
FileRate   = 0.00 files/s

Result : (ErrFiles : 0 / ErrDirs : 0) at 2024/09/01 15:53:33

=================================================
fcp(ver4.2.2) start at 2024/09/01 16:26:22
<Source>  "G:\test_1\test b1\*"
<Command> Delete all
<JobName> delete test b1
<PostPrc> fcp_err_ify
-------------------------------------------------

TotalDel   = 0.0 MiB
DelFiles   = 0 (0)
TotalTime  = 0.0 sec
FileRate   = 0.00 files/s

Result : (ErrFiles : 0 / ErrDirs : 0) at 2024/09/01 16:26:22

=================================================
fcp(ver4.2.2) start at 2024/09/01 16:27:30
<Source>  G:\test_1\mbt_2---job---test-b1.bat; G:\test_1\t_demo_2.bat
<DestDir> G:\localSites_g\shell\mfbaktool_dev\v2\
<Command> Diff (Size/Date)
<JobName> copy t-demo-2
<PostPrc> fcp_err_ify
-------------------------------------------------

TotalRead  = 0.0 MiB
TotalWrite = 0.0 MiB
TotalFiles = 1 (0)
TotalSkip  = 0.0 MiB
SkipFiles  = 1 (0)
TotalTime  = 0.0 sec
TransRate  = 0.67 MB/s
FileRate   = 62.5 files/s

Result : (ErrFiles : 0 / ErrDirs : 0) at 2024/09/01 16:27:30

=================================================
fcp(ver4.2.2) start at 2024/09/01 16:28:41
<Source>  "G:\test_1\test b1\*"
<Command> Delete all
<JobName> delete test b1
<PostPrc> fcp_err_ify
-------------------------------------------------

TotalDel   = 0.0 MiB
DelFiles   = 0 (0)
TotalTime  = 0.0 sec
FileRate   = 0.00 files/s

Result : (ErrFiles : 0 / ErrDirs : 0) at 2024/09/01 16:28:41

=================================================
fcp(ver4.2.2) start at 2024/09/01 16:28:54
<Source>  "G:\test_1\test b1\*"
<Command> Delete all
<JobName> delete test b1
<PostPrc> fcp_err_ify
-------------------------------------------------

TotalDel   = 0.0 MiB
DelFiles   = 0 (0)
TotalTime  = 0.0 sec
FileRate   = 0.00 files/s

Result : (ErrFiles : 0 / ErrDirs : 0) at 2024/09/01 16:28:54

=================================================
fcp(ver4.2.2) start at 2024/09/01 16:56:16
<Source>  "G:\test_1\test b1\*"
<Command> Delete all
<JobName> delete test b1
<PostPrc> fcp_err_ify
-------------------------------------------------

TotalDel   = 0.0 MiB
DelFiles   = 5 (1)
TotalTime  = 0.0 sec
FileRate   = 5,000 files/s

Result : (ErrFiles : 0 / ErrDirs : 0) at 2024/09/01 16:56:16

=================================================
fcp(ver4.2.2) start at 2024/09/01 17:27:09
<Source>  "G:\test_1\test b1\*"
<Command> Delete all
<JobName> delete test b1
<PostPrc> fcp_err_ify
-------------------------------------------------

TotalDel   = 0.0 MiB
DelFiles   = 0 (0)
TotalTime  = 0.0 sec
FileRate   = 0.00 files/s

Result : (ErrFiles : 0 / ErrDirs : 0) at 2024/09/01 17:27:09

=================================================
fcp(ver4.2.2) start at 2024/09/01 17:27:59
<Source>  G:\test_1\test-b
<DestDir> G:\test_1\test b1
<Command> Diff (Size/Date)
<JobName> test-b1
<PostPrc> fcp_err_ify
-------------------------------------------------

TotalRead  = 0.1 MiB
TotalWrite = 0.1 MiB
TotalFiles = 5 (1)
TotalTime  = 0.0 sec
TransRate  = 7.50 MB/s
FileRate   = 312.5 files/s

Result : (ErrFiles : 0 / ErrDirs : 0) at 2024/09/01 17:27:59

=================================================
fcp(ver4.2.2) start at 2024/09/01 21:13:51
<Source>  "G:\test_1\test b1\*"
<Command> Delete all
<JobName> delete test b1
<PostPrc> fcp_err_ify
-------------------------------------------------

TotalDel   = 0.1 MiB
DelFiles   = 5 (1)
TotalTime  = 0.0 sec
FileRate   = 5,000 files/s

Result : (ErrFiles : 0 / ErrDirs : 0) at 2024/09/01 21:13:51

=================================================
fcp(ver4.2.2) start at 2024/09/01 21:17:32
<Source>  "G:\test_1\test b1\*"
<Command> Delete all
<JobName> delete test b1
<PostPrc> fcp_err_ify
-------------------------------------------------

TotalDel   = 0.0 MiB
DelFiles   = 0 (0)
TotalTime  = 0.0 sec
FileRate   = 0.00 files/s

Result : (ErrFiles : 0 / ErrDirs : 0) at 2024/09/01 21:17:32

=================================================
fcp(ver4.2.2) start at 2024/09/01 21:22:48
<Source>  "G:\test_1\test b1\*"
<Command> Delete all
<JobName> delete test b1
<PostPrc> fcp_err_ify
-------------------------------------------------

TotalDel   = 0.0 MiB
DelFiles   = 0 (0)
TotalTime  = 0.0 sec
FileRate   = 0.00 files/s

Result : (ErrFiles : 0 / ErrDirs : 0) at 2024/09/01 21:22:48

=================================================
fcp(ver4.2.2) start at 2024/09/01 22:56:35
<Source>  "G:\test_1\test b1\*"
<Command> Delete all
<JobName> delete test b1
<PostPrc> fcp_err_ify
-------------------------------------------------

TotalDel   = 0.0 MiB
DelFiles   = 0 (0)
TotalTime  = 0.0 sec
FileRate   = 0.00 files/s

Result : (ErrFiles : 0 / ErrDirs : 0) at 2024/09/01 22:56:35

=================================================
fcp(ver4.2.2) start at 2024/09/02 13:59:13
<Source>  "G:\test_1\test b1\*"
<Command> Delete all
<JobName> delete test b1
<PostPrc> fcp_err_ify
-------------------------------------------------

TotalDel   = 0.0 MiB
DelFiles   = 0 (0)
TotalTime  = 0.0 sec
FileRate   = 0.00 files/s

Result : (ErrFiles : 0 / ErrDirs : 0) at 2024/09/02 13:59:13

=================================================
fcp(ver4.2.2) start at 2024/09/02 17:53:35
Illegal Command: /=test-notfind is not recognized.

Usage: fcp.exe
    [/cmd=(diff | noexist_only | update | force_copy | sync | move | delete)]

    [/include="..."] [/exclude="..."]
    [/from_date="..."] [/to_date="..."]
    [/min_size="..."] [/max_size="..."]

    [/srcfile=pathlist_file] [/srcfile_w=unicode_pathlist_file]
    [/speed=(full|autoslow|9-1|suspend)] [/auto_slow] [/low_io]

    [/auto_close] [/force_close] [/open_window]
    [/error_stop] [/no_exec] [/force_start[=N]]
    [/balloon[=true|false]]
    [/no_ui] [/no_confirm_del] [/no_confirm_stop]

    [/acl] [/stream] [/reparse] [/verify]
    [/linkdest] [/recreate]
    [/wipe_del] [/skip_empty_dir]

    [/dlsvt=(none|auto|always)]
    [/verifyinfo]
    [/time_allow=N(ms)]
    [/disk_mode=(diff|same|auto)]
    [/bufsize=N(MB)] [/estimate]
    [/log] [/filelog] [/logfile=fname] [/utf8]
    [/job=jobname] [/postproc=postproc_name]

    from_file_or_dir  [/to=dest_dir]

=================================================
fcp(ver4.2.2) start at 2024/09/02 19:48:08
<Source>  G:\test_1\test-notfind
<DestDir> G:\test_1\test b1
<Command> Diff (Size/Date)
<JobName> test-notfind
<PostPrc> fcp_err_ify
-------------------------------------------------
FindFirstFileEx(系统找不到指定的文件。2) : G:\test_1\test-notfind

TotalRead  = 0.0 MiB
TotalWrite = 0.0 MiB
TotalFiles = 0 (0)
TotalTime  = 0.0 sec
TransRate  = 0.00 MB/s
FileRate   = 0.00 files/s

Result : (ErrFiles : 0 / ErrDirs : 1) at 2024/09/02 19:48:08

=================================================
fcp(ver4.2.2) start at 2024/09/02 19:48:41
<Source>  G:\test_1\test-notfind
<DestDir> G:\test_1\test b1
<Command> Diff (Size/Date)
<JobName> test-notfind
<PostPrc> fcp_err_ify
-------------------------------------------------
FindFirstFileEx(系统找不到指定的文件。2) : G:\test_1\test-notfind

TotalRead  = 0.0 MiB
TotalWrite = 0.0 MiB
TotalFiles = 0 (0)
TotalTime  = 0.0 sec
TransRate  = 0.00 MB/s
FileRate   = 0.00 files/s

Result : (ErrFiles : 0 / ErrDirs : 1) at 2024/09/02 19:48:41

=================================================
fcp(ver4.2.2) start at 2024/09/04 09:31:16
<Source>  G:\test_1\test-notfind
<DestDir> G:\test_1\test b1
<Command> Diff (Size/Date)
<JobName> test-notfind
<PostPrc> fcp_err_ify
-------------------------------------------------
FindFirstFileEx(系统找不到指定的文件。2) : G:\test_1\test-notfind

TotalRead  = 0.0 MiB
TotalWrite = 0.0 MiB
TotalFiles = 0 (0)
TotalTime  = 0.0 sec
TransRate  = 0.00 MB/s
FileRate   = 0.00 files/s

Result : (ErrFiles : 0 / ErrDirs : 1) at 2024/09/04 09:31:16

=================================================
fcp(ver4.2.2) start at 2024/09/04 09:31:44
<Source>  G:\test_1\test-notfind
<DestDir> G:\test_1\test b1
<Command> Diff (Size/Date)
<JobName> test-notfind
<PostPrc> fcp_err_ify
-------------------------------------------------
FindFirstFileEx(系统找不到指定的文件。2) : G:\test_1\test-notfind

TotalRead  = 0.0 MiB
TotalWrite = 0.0 MiB
TotalFiles = 0 (0)
TotalTime  = 0.0 sec
TransRate  = 0.00 MB/s
FileRate   = 0.00 files/s

Result : (ErrFiles : 0 / ErrDirs : 1) at 2024/09/04 09:31:44

=================================================
fcp(ver4.2.2) start at 2024/09/04 12:58:18
<Source>  G:\test_1\test-notfind
<DestDir> G:\test_1\test b1
<Command> Diff (Size/Date)
<JobName> test-notfind
<PostPrc> fcp_err_ify
-------------------------------------------------
FindFirstFileEx(系统找不到指定的文件。2) : G:\test_1\test-notfind

TotalRead  = 0.0 MiB
TotalWrite = 0.0 MiB
TotalFiles = 0 (0)
TotalTime  = 0.0 sec
TransRate  = 0.00 MB/s
FileRate   = 0.00 files/s

Result : (ErrFiles : 0 / ErrDirs : 1) at 2024/09/04 12:58:18

=================================================
fcp(ver4.2.2) start at 2024/09/04 12:59:32
<Source>  G:\test_1\test-notfind
<DestDir> G:\test_1\test b1
<Command> Diff (Size/Date)
<JobName> test-notfind
<PostPrc> fcp_err_ify
-------------------------------------------------
FindFirstFileEx(系统找不到指定的文件。2) : G:\test_1\test-notfind

TotalRead  = 0.0 MiB
TotalWrite = 0.0 MiB
TotalFiles = 0 (0)
TotalTime  = 0.0 sec
TransRate  = 0.00 MB/s
FileRate   = 0.00 files/s

Result : (ErrFiles : 0 / ErrDirs : 1) at 2024/09/04 12:59:32

=================================================
fcp(ver4.2.2) start at 2024/09/04 13:12:41
<Source>  G:\test_1\test-notfind
<DestDir> G:\test_1\test b1
<Command> Diff (Size/Date)
<JobName> test-notfind
<PostPrc> fcp_err_ify
-------------------------------------------------
FindFirstFileEx(系统找不到指定的文件。2) : G:\test_1\test-notfind

TotalRead  = 0.0 MiB
TotalWrite = 0.0 MiB
TotalFiles = 0 (0)
TotalTime  = 0.0 sec
TransRate  = 0.00 MB/s
FileRate   = 0.00 files/s

Result : (ErrFiles : 0 / ErrDirs : 1) at 2024/09/04 13:12:41

=================================================
fcp(ver4.2.2) start at 2024/09/04 13:13:34
<Source>  G:\test_1\test-notfind
<DestDir> G:\test_1\test b1
<Command> Diff (Size/Date)
<JobName> test-notfind
<PostPrc> fcp_err_ify
-------------------------------------------------
FindFirstFileEx(系统找不到指定的文件。2) : G:\test_1\test-notfind

TotalRead  = 0.0 MiB
TotalWrite = 0.0 MiB
TotalFiles = 0 (0)
TotalTime  = 0.0 sec
TransRate  = 0.00 MB/s
FileRate   = 0.00 files/s

Result : (ErrFiles : 0 / ErrDirs : 1) at 2024/09/04 13:13:34

=================================================
fcp(ver4.2.2) start at 2024/09/04 13:14:21
<Source>  G:\test_1\test-notfind
<DestDir> G:\test_1\test b1
<Command> Diff (Size/Date)
<JobName> test-notfind
<PostPrc> fcp_err_ify
-------------------------------------------------
FindFirstFileEx(系统找不到指定的文件。2) : G:\test_1\test-notfind

TotalRead  = 0.0 MiB
TotalWrite = 0.0 MiB
TotalFiles = 0 (0)
TotalTime  = 0.0 sec
TransRate  = 0.00 MB/s
FileRate   = 0.00 files/s

Result : (ErrFiles : 0 / ErrDirs : 1) at 2024/09/04 13:14:21

=================================================
fcp(ver4.2.2) start at 2024/09/04 13:18:49
<Source>  G:\test_1\test-notfind
<DestDir> G:\test_1\test b1
<Command> Diff (Size/Date)
<JobName> test-notfind
<PostPrc> fcp_err_ify
-------------------------------------------------
FindFirstFileEx(系统找不到指定的文件。2) : G:\test_1\test-notfind

TotalRead  = 0.0 MiB
TotalWrite = 0.0 MiB
TotalFiles = 0 (0)
TotalTime  = 0.0 sec
TransRate  = 0.00 MB/s
FileRate   = 0.00 files/s

Result : (ErrFiles : 0 / ErrDirs : 1) at 2024/09/04 13:18:49

=================================================
fcp(ver4.2.2) start at 2024/09/04 13:19:14
<Source>  G:\test_1\test-notfind
<DestDir> G:\test_1\test b1
<Command> Diff (Size/Date)
<JobName> test-notfind
<PostPrc> fcp_err_ify
-------------------------------------------------
FindFirstFileEx(系统找不到指定的文件。2) : G:\test_1\test-notfind

TotalRead  = 0.0 MiB
TotalWrite = 0.0 MiB
TotalFiles = 0 (0)
TotalTime  = 0.0 sec
TransRate  = 0.00 MB/s
FileRate   = 0.00 files/s

Result : (ErrFiles : 0 / ErrDirs : 1) at 2024/09/04 13:19:14

=================================================
fcp(ver4.2.2) start at 2024/09/04 13:57:17
<Source>  G:\test_1\test-notfind
<DestDir> G:\test_1\test b1
<Command> Diff (Size/Date)
<JobName> test-notfind
<PostPrc> fcp_err_ify
-------------------------------------------------
FindFirstFileEx(系统找不到指定的文件。2) : G:\test_1\test-notfind

TotalRead  = 0.0 MiB
TotalWrite = 0.0 MiB
TotalFiles = 0 (0)
TotalTime  = 0.0 sec
TransRate  = 0.00 MB/s
FileRate   = 0.00 files/s

Result : (ErrFiles : 0 / ErrDirs : 1) at 2024/09/04 13:57:17

=================================================
fcp(ver4.2.2) start at 2024/09/04 13:58:21
<Source>  "G:\test_1\test b1\*"
<Command> Delete all
<JobName> delete test b1
<PostPrc> fcp_err_ify
-------------------------------------------------

TotalDel   = 0.0 MiB
DelFiles   = 0 (0)
TotalTime  = 0.0 sec
FileRate   = 0.00 files/s

Result : (ErrFiles : 0 / ErrDirs : 0) at 2024/09/04 13:58:21

=================================================
fcp(ver4.2.2) start at 2024/09/04 13:59:34
<Source>  G:\test_1\test-notfind
<DestDir> G:\test_1\test b1
<Command> Diff (Size/Date)
<JobName> test-notfind
<PostPrc> fcp_err_ify
-------------------------------------------------
FindFirstFileEx(系统找不到指定的文件。2) : G:\test_1\test-notfind

TotalRead  = 0.0 MiB
TotalWrite = 0.0 MiB
TotalFiles = 0 (0)
TotalTime  = 0.0 sec
TransRate  = 0.00 MB/s
FileRate   = 0.00 files/s

Result : (ErrFiles : 0 / ErrDirs : 1) at 2024/09/04 13:59:34

=================================================
fcp(ver4.2.2) start at 2024/09/04 14:34:24
<Source>  G:\test_1\test-notfind
<DestDir> G:\test_1\test b1
<Command> Diff (Size/Date)
<JobName> test-notfind
<PostPrc> fcp_err_ify
-------------------------------------------------
FindFirstFileEx(系统找不到指定的文件。2) : G:\test_1\test-notfind

TotalRead  = 0.0 MiB
TotalWrite = 0.0 MiB
TotalFiles = 0 (0)
TotalTime  = 0.0 sec
TransRate  = 0.00 MB/s
FileRate   = 0.00 files/s

Result : (ErrFiles : 0 / ErrDirs : 1) at 2024/09/04 14:34:24

=================================================
fcp(ver4.2.2) start at 2024/09/04 14:34:49
<Source>  "G:\test_1\test b1\*"
<Command> Delete all
<JobName> delete test b1
<PostPrc> fcp_err_ify
-------------------------------------------------

TotalDel   = 0.0 MiB
DelFiles   = 0 (0)
TotalTime  = 0.0 sec
FileRate   = 0.00 files/s

Result : (ErrFiles : 0 / ErrDirs : 0) at 2024/09/04 14:34:49

=================================================
fcp(ver4.2.2) start at 2024/09/05 05:37:15
<Source>  "G:\test_1\test b1\*"
<Command> Delete all
<JobName> delete test b1
<PostPrc> fcp_err_ify
-------------------------------------------------

TotalDel   = 0.0 MiB
DelFiles   = 0 (0)
TotalTime  = 0.0 sec
FileRate   = 0.00 files/s

Result : (ErrFiles : 0 / ErrDirs : 0) at 2024/09/05 05:37:15

=================================================
fcp(ver4.2.2) start at 2024/10/05 00:11:58
<Source>  c:\Users\ytj-m22\.ssh\mf34\pub.txt; c:\Users\ytj-m22\.ssh\mf34\access-js2-136-me.txt
<DestDir> C:\test_1\test b1\
<Command> Diff (Size/Date)
-------------------------------------------------

TotalRead  = 0.0 MiB
TotalWrite = 0.0 MiB
TotalFiles = 2 (0)
TotalTime  = 0.0 sec
TransRate  = 0.25 MB/s
FileRate   = 64.5 files/s

Result : (ErrFiles : 0 / ErrDirs : 0) at 2024/10/05 00:11:58

=================================================
fcp(ver4.2.2) start at 2024/10/05 00:13:24
<Source>  ਍㩣啜敳獲祜橴洭㈲⹜獳屨晭㐳灜扵琮瑸਍਍㩣啜敳獲祜橴洭㈲⹜獳屨晭㐳慜捣獥⵳獪ⴲ㌱ⴶ敭琮瑸
<DestDir> C:\test_1\test b1\
<Command> Diff (Size/Date)
-------------------------------------------------
FindFirstFileEx(系统找不到指定的文件。2) : c:\test_1\਍㩣啜敳獲祜橴洭㈲⹜獳屨晭㐳灜扵琮瑸਍਍㩣啜敳獲祜橴洭㈲⹜獳屨晭㐳慜捣獥⵳獪ⴲ㌱ⴶ敭琮瑸

TotalRead  = 0.0 MiB
TotalWrite = 0.0 MiB
TotalFiles = 0 (0)
TotalTime  = 0.0 sec
TransRate  = 0.00 MB/s
FileRate   = 0.00 files/s

Result : (ErrFiles : 0 / ErrDirs : 1) at 2024/10/05 00:13:24

=================================================
fcp(ver4.2.2) start at 2024/10/05 00:13:48
<Source>  c:\Users\ytj-m22\.ssh\mf34\pub.txt; c:\Users\ytj-m22\.ssh\mf34\access-js2-136-me.txt
<DestDir> C:\test_1\test b1\
<Command> Diff (Size/Date)
-------------------------------------------------

TotalRead  = 0.0 MiB
TotalWrite = 0.0 MiB
TotalFiles = 2 (0)
TotalTime  = 0.0 sec
TransRate  = 0.49 MB/s
FileRate   = 125.0 files/s

Result : (ErrFiles : 0 / ErrDirs : 0) at 2024/10/05 00:13:48

=================================================
fcp(ver4.2.2) start at 2024/10/05 00:14:59
<Source>  c:\Users\ytj-m22\.ssh\mf34\pub.txt; c:\Users\ytj-m22\.ssh\mf34\access-js2-136-me.txt; C:\test_1\test-a\
<DestDir> C:\test_1\test b1\
<Command> Diff (Size/Date)
-------------------------------------------------

TotalRead  = 0.0 MiB
TotalWrite = 0.0 MiB
TotalFiles = 5 (5)
TotalSkip  = 0.0 MiB
SkipFiles  = 2 (0)
TotalTime  = 0.0 sec
TransRate  = 0.28 MB/s
FileRate   = 161.3 files/s

Result : (ErrFiles : 0 / ErrDirs : 0) at 2024/10/05 00:14:59

=================================================
fcp(ver4.2.2) start at 2024/10/05 00:21:18
<Source>  c:\Users\ytj-m22\.ssh\mf34\pub.txt; c:\Users\ytj-m22\.ssh\mf34\access-js2-136-me.txt; C:\test_1\test-a\
<DestDir> C:\test_1\test b1\
<Command> Diff (Size/Date)
-------------------------------------------------

TotalRead  = 0.0 MiB
TotalWrite = 0.0 MiB
TotalFiles = 7 (6)
TotalTime  = 0.0 sec
TransRate  = 16.5 MB/s
FileRate   = 7,000 files/s

Result : (ErrFiles : 0 / ErrDirs : 0) at 2024/10/05 00:21:18

